<?xml version="1.0" encoding="UTF-8"?>
<coverage generated="1784578699490" clover="3.2.0">
  <project timestamp="1784578699490" name="All files">
    <metrics statements="23" coveredstatements="22" conditionals="14" coveredconditionals="14" methods="13" coveredmethods="12" elements="50" coveredelements="48" complexity="0" loc="23" ncloc="23" packages="5" files="14" classes="14"/>
    <package name="src">
      <metrics statements="1" coveredstatements="0" conditionals="0" coveredconditionals="0" methods="1" coveredmethods="0"/>
      <file name="index.ts" path="C:\Users\ROG BY NEW GAME\Desktop\TS AVANZADO\clase05-npmlib\src\index.ts">
        <metrics statements="1" coveredstatements="0" conditionals="0" coveredconditionals="0" methods="1" coveredmethods="0"/>
        <line num="1" count="0" type="stmt"/>
      </file>
    </package>
    <package name="src.arrays">
      <metrics statements="5" coveredstatements="5" conditionals="2" coveredconditionals="2" methods="5" coveredmethods="5"/>
      <file name="arraylable.ts" path="C:\Users\ROG BY NEW GAME\Desktop\TS AVANZADO\clase05-npmlib\src\arrays\arraylable.ts">
        <metrics statements="2" coveredstatements="2" conditionals="2" coveredconditionals="2" methods="1" coveredmethods="1"/>
        <line num="7" count="3" type="stmt"/>
        <line num="8" count="9" type="cond" truecount="2" falsecount="0"/>
      </file>
      <file name="index.ts" path="C:\Users\ROG BY NEW GAME\Desktop\TS AVANZADO\clase05-npmlib\src\arrays\index.ts">
        <metrics statements="0" coveredstatements="0" conditionals="0" coveredconditionals="0" methods="0" coveredmethods="0"/>
      </file>
      <file name="sum.ts" path="C:\Users\ROG BY NEW GAME\Desktop\TS AVANZADO\clase05-npmlib\src\arrays\sum.ts">
        <metrics statements="2" coveredstatements="2" conditionals="0" coveredconditionals="0" methods="2" coveredmethods="2"/>
        <line num="3" count="1" type="stmt"/>
        <line num="4" count="3" type="stmt"/>
      </file>
      <file name="sumBy.ts" path="C:\Users\ROG BY NEW GAME\Desktop\TS AVANZADO\clase05-npmlib\src\arrays\sumBy.ts">
        <metrics statements="1" coveredstatements="1" conditionals="0" coveredconditionals="0" methods="2" coveredmethods="2"/>
        <line num="5" count="3" type="stmt"/>
      </file>
    </package>
    <package name="src.check">
      <metrics statements="15" coveredstatements="15" conditionals="10" coveredconditionals="10" methods="6" coveredmethods="6"/>
      <file name="index.ts" path="C:\Users\ROG BY NEW GAME\Desktop\TS AVANZADO\clase05-npmlib\src\check\index.ts">
        <metrics statements="0" coveredstatements="0" conditionals="0" coveredconditionals="0" methods="0" coveredmethods="0"/>
      </file>
      <file name="isEmpty.ts" path="C:\Users\ROG BY NEW GAME\Desktop\TS AVANZADO\clase05-npmlib\src\check\isEmpty.ts">
        <metrics statements="5" coveredstatements="5" conditionals="4" coveredconditionals="4" methods="1" coveredmethods="1"/>
        <line num="2" count="1" type="stmt"/>
        <line num="4" count="10" type="stmt"/>
        <line num="5" count="10" type="cond" truecount="2" falsecount="0"/>
        <line num="7" count="10" type="cond" truecount="2" falsecount="0"/>
        <line num="9" count="7" type="stmt"/>
      </file>
      <file name="isFunction.ts" path="C:\Users\ROG BY NEW GAME\Desktop\TS AVANZADO\clase05-npmlib\src\check\isFunction.ts">
        <metrics statements="2" coveredstatements="2" conditionals="0" coveredconditionals="0" methods="1" coveredmethods="1"/>
        <line num="5" count="1" type="stmt"/>
        <line num="6" count="8" type="stmt"/>
      </file>
      <file name="isNullorUndefined.ts" path="C:\Users\ROG BY NEW GAME\Desktop\TS AVANZADO\clase05-npmlib\src\check\isNullorUndefined.ts">
        <metrics statements="2" coveredstatements="2" conditionals="2" coveredconditionals="2" methods="1" coveredmethods="1"/>
        <line num="4" count="1" type="stmt"/>
        <line num="5" count="6" type="cond" truecount="2" falsecount="0"/>
      </file>
      <file name="isObejct.ts" path="C:\Users\ROG BY NEW GAME\Desktop\TS AVANZADO\clase05-npmlib\src\check\isObejct.ts">
        <metrics statements="2" coveredstatements="2" conditionals="0" coveredconditionals="0" methods="1" coveredmethods="1"/>
        <line num="3" count="1" type="stmt"/>
        <line num="4" count="6" type="stmt"/>
      </file>
      <file name="isObjectLike.ts" path="C:\Users\ROG BY NEW GAME\Desktop\TS AVANZADO\clase05-npmlib\src\check\isObjectLike.ts">
        <metrics statements="2" coveredstatements="2" conditionals="4" coveredconditionals="4" methods="1" coveredmethods="1"/>
        <line num="7" count="1" type="stmt"/>
        <line num="8" count="13" type="stmt"/>
      </file>
      <file name="isString.ts" path="C:\Users\ROG BY NEW GAME\Desktop\TS AVANZADO\clase05-npmlib\src\check\isString.ts">
        <metrics statements="2" coveredstatements="2" conditionals="0" coveredconditionals="0" methods="1" coveredmethods="1"/>
        <line num="3" count="1" type="stmt"/>
        <line num="4" count="6" type="stmt"/>
      </file>
    </package>
    <package name="src.misc">
      <metrics statements="2" coveredstatements="2" conditionals="2" coveredconditionals="2" methods="1" coveredmethods="1"/>
      <file name="typeOf.ts" path="C:\Users\ROG BY NEW GAME\Desktop\TS AVANZADO\clase05-npmlib\src\misc\typeOf.ts">
        <metrics statements="2" coveredstatements="2" conditionals="2" coveredconditionals="2" methods="1" coveredmethods="1"/>
        <line num="4" count="2" type="stmt"/>
        <line num="6" count="15" type="cond" truecount="2" falsecount="0"/>
      </file>
    </package>
    <package name="src.types">
      <metrics statements="0" coveredstatements="0" conditionals="0" coveredconditionals="0" methods="0" coveredmethods="0"/>
      <file name="helpers.ts" path="C:\Users\ROG BY NEW GAME\Desktop\TS AVANZADO\clase05-npmlib\src\types\helpers.ts">
        <metrics statements="0" coveredstatements="0" conditionals="0" coveredconditionals="0" methods="0" coveredmethods="0"/>
      </file>
    </package>
  </project>
</coverage>
