{"C:\\Users\\ROG BY NEW GAME\\Desktop\\TS AVANZADO\\clase05-npmlib\\src\\index.ts": {"path":"C:\\Users\\ROG BY NEW GAME\\Desktop\\TS AVANZADO\\clase05-npmlib\\src\\index.ts","statementMap":{"0":{"start":{"line":1,"column":13},"end":{"line":1,"column":null}},"1":{"start":{"line":1,"column":47},"end":{"line":1,"column":null}}},"fnMap":{"0":{"name":"(anonymous_0)","decl":{"start":{"line":1,"column":13},"end":{"line":1,"column":18}},"loc":{"start":{"line":1,"column":47},"end":{"line":1,"column":null}},"line":1}},"branchMap":{},"s":{"0":0,"1":0},"f":{"0":0},"b":{},"meta":{"lastBranch":0,"lastFunction":1,"lastStatement":2,"seen":{"s:1:13:1:Infinity":0,"f:1:13:1:18":0,"s:1:47:1:Infinity":1},"fnNames":{}}}
,"C:\\Users\\ROG BY NEW GAME\\Desktop\\TS AVANZADO\\clase05-npmlib\\src\\arrays\\arraylable.ts": {"path":"C:\\Users\\ROG BY NEW GAME\\Desktop\\TS AVANZADO\\clase05-npmlib\\src\\arrays\\arraylable.ts","statementMap":{"0":{"start":{"line":7,"column":13},"end":{"line":9,"column":null}},"1":{"start":{"line":8,"column":2},"end":{"line":8,"column":null}}},"fnMap":{"0":{"name":"(anonymous_0)","decl":{"start":{"line":7,"column":13},"end":{"line":7,"column":30}},"loc":{"start":{"line":7,"column":54},"end":{"line":9,"column":null}},"line":7}},"branchMap":{"0":{"loc":{"start":{"line":8,"column":9},"end":{"line":8,"column":null}},"type":"cond-expr","locations":[{"start":{"line":8,"column":33},"end":{"line":8,"column":49}},{"start":{"line":8,"column":49},"end":{"line":8,"column":null}}],"line":8}},"s":{"0":3,"1":9},"f":{"0":9},"b":{"0":[4,5]},"meta":{"lastBranch":1,"lastFunction":1,"lastStatement":2,"seen":{"s:7:13:9:Infinity":0,"f:7:13:7:30":0,"s:8:2:8:Infinity":1,"b:8:33:8:49:8:49:8:Infinity":0},"fnNames":{}}}
,"C:\\Users\\ROG BY NEW GAME\\Desktop\\TS AVANZADO\\clase05-npmlib\\src\\arrays\\index.ts": {"path":"C:\\Users\\ROG BY NEW GAME\\Desktop\\TS AVANZADO\\clase05-npmlib\\src\\arrays\\index.ts","statementMap":{},"fnMap":{},"branchMap":{},"s":{},"f":{},"b":{},"meta":{"lastBranch":0,"lastFunction":0,"lastStatement":0,"seen":{},"fnNames":{}}}
,"C:\\Users\\ROG BY NEW GAME\\Desktop\\TS AVANZADO\\clase05-npmlib\\src\\arrays\\sum.ts": {"path":"C:\\Users\\ROG BY NEW GAME\\Desktop\\TS AVANZADO\\clase05-npmlib\\src\\arrays\\sum.ts","statementMap":{"0":{"start":{"line":3,"column":13},"end":{"line":5,"column":null}},"1":{"start":{"line":4,"column":4},"end":{"line":4,"column":null}},"2":{"start":{"line":4,"column":61},"end":{"line":4,"column":69}}},"fnMap":{"0":{"name":"(anonymous_0)","decl":{"start":{"line":3,"column":13},"end":{"line":3,"column":20}},"loc":{"start":{"line":3,"column":45},"end":{"line":5,"column":null}},"line":3},"1":{"name":"(anonymous_1)","decl":{"start":{"line":4,"column":43},"end":{"line":4,"column":51}},"loc":{"start":{"line":4,"column":61},"end":{"line":4,"column":69}},"line":4}},"branchMap":{},"s":{"0":1,"1":1,"2":3},"f":{"0":1,"1":3},"b":{},"meta":{"lastBranch":0,"lastFunction":2,"lastStatement":3,"seen":{"s:3:13:5:Infinity":0,"f:3:13:3:20":0,"s:4:4:4:Infinity":1,"f:4:43:4:51":1,"s:4:61:4:69":2},"fnNames":{}}}
,"C:\\Users\\ROG BY NEW GAME\\Desktop\\TS AVANZADO\\clase05-npmlib\\src\\arrays\\sumBy.ts": {"path":"C:\\Users\\ROG BY NEW GAME\\Desktop\\TS AVANZADO\\clase05-npmlib\\src\\arrays\\sumBy.ts","statementMap":{"0":{"start":{"line":5,"column":4},"end":{"line":5,"column":null}},"1":{"start":{"line":5,"column":65},"end":{"line":5,"column":83}}},"fnMap":{"0":{"name":"sumBy","decl":{"start":{"line":3,"column":16},"end":{"line":3,"column":25}},"loc":{"start":{"line":3,"column":79},"end":{"line":6,"column":null}},"line":3},"1":{"name":"(anonymous_1)","decl":{"start":{"line":5,"column":37},"end":{"line":5,"column":45}},"loc":{"start":{"line":5,"column":65},"end":{"line":5,"column":83}},"line":5}},"branchMap":{},"s":{"0":1,"1":3},"f":{"0":1,"1":3},"b":{},"meta":{"lastBranch":0,"lastFunction":2,"lastStatement":2,"seen":{"f:3:16:3:25":0,"s:5:4:5:Infinity":0,"f:5:37:5:45":1,"s:5:65:5:83":1},"fnNames":{}}}
,"C:\\Users\\ROG BY NEW GAME\\Desktop\\TS AVANZADO\\clase05-npmlib\\src\\check\\index.ts": {"path":"C:\\Users\\ROG BY NEW GAME\\Desktop\\TS AVANZADO\\clase05-npmlib\\src\\check\\index.ts","statementMap":{},"fnMap":{},"branchMap":{},"s":{},"f":{},"b":{},"meta":{"lastBranch":0,"lastFunction":0,"lastStatement":0,"seen":{},"fnNames":{}}}
,"C:\\Users\\ROG BY NEW GAME\\Desktop\\TS AVANZADO\\clase05-npmlib\\src\\check\\isEmpty.ts": {"path":"C:\\Users\\ROG BY NEW GAME\\Desktop\\TS AVANZADO\\clase05-npmlib\\src\\check\\isEmpty.ts","statementMap":{"0":{"start":{"line":2,"column":13},"end":{"line":11,"column":null}},"1":{"start":{"line":4,"column":23},"end":{"line":4,"column":null}},"2":{"start":{"line":5,"column":24},"end":{"line":5,"column":null}},"3":{"start":{"line":7,"column":4},"end":{"line":7,"column":null}},"4":{"start":{"line":7,"column":21},"end":{"line":7,"column":null}},"5":{"start":{"line":9,"column":4},"end":{"line":9,"column":null}}},"fnMap":{"0":{"name":"(anonymous_0)","decl":{"start":{"line":2,"column":13},"end":{"line":2,"column":24}},"loc":{"start":{"line":2,"column":49},"end":{"line":11,"column":null}},"line":2}},"branchMap":{"0":{"loc":{"start":{"line":5,"column":24},"end":{"line":5,"column":null}},"type":"binary-expr","locations":[{"start":{"line":5,"column":24},"end":{"line":5,"column":56}},{"start":{"line":5,"column":56},"end":{"line":5,"column":null}}],"line":5},"1":{"loc":{"start":{"line":7,"column":4},"end":{"line":7,"column":null}},"type":"if","locations":[{"start":{"line":7,"column":4},"end":{"line":7,"column":null}},{"start":{},"end":{}}],"line":7}},"s":{"0":1,"1":10,"2":10,"3":10,"4":3,"5":7},"f":{"0":10},"b":{"0":[10,3],"1":[3,7]},"meta":{"lastBranch":2,"lastFunction":1,"lastStatement":6,"seen":{"s:2:13:11:Infinity":0,"f:2:13:2:24":0,"s:4:23:4:Infinity":1,"s:5:24:5:Infinity":2,"b:5:24:5:56:5:56:5:Infinity":0,"b:7:4:7:Infinity:undefined:undefined:undefined:undefined":1,"s:7:4:7:Infinity":3,"s:7:21:7:Infinity":4,"s:9:4:9:Infinity":5},"fnNames":{}}}
,"C:\\Users\\ROG BY NEW GAME\\Desktop\\TS AVANZADO\\clase05-npmlib\\src\\check\\isFunction.ts": {"path":"C:\\Users\\ROG BY NEW GAME\\Desktop\\TS AVANZADO\\clase05-npmlib\\src\\check\\isFunction.ts","statementMap":{"0":{"start":{"line":5,"column":13},"end":{"line":7,"column":null}},"1":{"start":{"line":6,"column":4},"end":{"line":6,"column":null}}},"fnMap":{"0":{"name":"(anonymous_0)","decl":{"start":{"line":5,"column":13},"end":{"line":5,"column":27}},"loc":{"start":{"line":5,"column":65},"end":{"line":7,"column":null}},"line":5}},"branchMap":{},"s":{"0":1,"1":8},"f":{"0":8},"b":{},"meta":{"lastBranch":0,"lastFunction":1,"lastStatement":2,"seen":{"s:5:13:7:Infinity":0,"f:5:13:5:27":0,"s:6:4:6:Infinity":1},"fnNames":{}}}
,"C:\\Users\\ROG BY NEW GAME\\Desktop\\TS AVANZADO\\clase05-npmlib\\src\\check\\isNullorUndefined.ts": {"path":"C:\\Users\\ROG BY NEW GAME\\Desktop\\TS AVANZADO\\clase05-npmlib\\src\\check\\isNullorUndefined.ts","statementMap":{"0":{"start":{"line":4,"column":13},"end":{"line":6,"column":null}},"1":{"start":{"line":5,"column":4},"end":{"line":5,"column":null}}},"fnMap":{"0":{"name":"(anonymous_0)","decl":{"start":{"line":4,"column":13},"end":{"line":4,"column":34}},"loc":{"start":{"line":4,"column":78},"end":{"line":6,"column":null}},"line":4}},"branchMap":{"0":{"loc":{"start":{"line":5,"column":11},"end":{"line":5,"column":null}},"type":"binary-expr","locations":[{"start":{"line":5,"column":11},"end":{"line":5,"column":29}},{"start":{"line":5,"column":29},"end":{"line":5,"column":null}}],"line":5}},"s":{"0":1,"1":6},"f":{"0":6},"b":{"0":[6,5]},"meta":{"lastBranch":1,"lastFunction":1,"lastStatement":2,"seen":{"s:4:13:6:Infinity":0,"f:4:13:4:34":0,"s:5:4:5:Infinity":1,"b:5:11:5:29:5:29:5:Infinity":0},"fnNames":{}}}
,"C:\\Users\\ROG BY NEW GAME\\Desktop\\TS AVANZADO\\clase05-npmlib\\src\\check\\isObejct.ts": {"path":"C:\\Users\\ROG BY NEW GAME\\Desktop\\TS AVANZADO\\clase05-npmlib\\src\\check\\isObejct.ts","statementMap":{"0":{"start":{"line":3,"column":13},"end":{"line":5,"column":null}},"1":{"start":{"line":4,"column":4},"end":{"line":4,"column":null}}},"fnMap":{"0":{"name":"(anonymous_0)","decl":{"start":{"line":3,"column":13},"end":{"line":3,"column":25}},"loc":{"start":{"line":3,"column":50},"end":{"line":5,"column":null}},"line":3}},"branchMap":{},"s":{"0":1,"1":6},"f":{"0":6},"b":{},"meta":{"lastBranch":0,"lastFunction":1,"lastStatement":2,"seen":{"s:3:13:5:Infinity":0,"f:3:13:3:25":0,"s:4:4:4:Infinity":1},"fnNames":{}}}
,"C:\\Users\\ROG BY NEW GAME\\Desktop\\TS AVANZADO\\clase05-npmlib\\src\\check\\isObjectLike.ts": {"path":"C:\\Users\\ROG BY NEW GAME\\Desktop\\TS AVANZADO\\clase05-npmlib\\src\\check\\isObjectLike.ts","statementMap":{"0":{"start":{"line":7,"column":13},"end":{"line":14,"column":null}},"1":{"start":{"line":8,"column":4},"end":{"line":12,"column":null}}},"fnMap":{"0":{"name":"(anonymous_0)","decl":{"start":{"line":7,"column":13},"end":{"line":7,"column":29}},"loc":{"start":{"line":7,"column":72},"end":{"line":14,"column":null}},"line":7}},"branchMap":{"0":{"loc":{"start":{"line":9,"column":8},"end":{"line":12,"column":null}},"type":"binary-expr","locations":[{"start":{"line":9,"column":8},"end":{"line":9,"column":null}},{"start":{"line":10,"column":12},"end":{"line":10,"column":null}},{"start":{"line":11,"column":12},"end":{"line":11,"column":null}},{"start":{"line":12,"column":12},"end":{"line":12,"column":null}}],"line":9}},"s":{"0":1,"1":13},"f":{"0":13},"b":{"0":[13,12,11,9]},"meta":{"lastBranch":1,"lastFunction":1,"lastStatement":2,"seen":{"s:7:13:14:Infinity":0,"f:7:13:7:29":0,"s:8:4:12:Infinity":1,"b:9:8:9:Infinity:10:12:10:Infinity:11:12:11:Infinity:12:12:12:Infinity":0},"fnNames":{}}}
,"C:\\Users\\ROG BY NEW GAME\\Desktop\\TS AVANZADO\\clase05-npmlib\\src\\check\\isString.ts": {"path":"C:\\Users\\ROG BY NEW GAME\\Desktop\\TS AVANZADO\\clase05-npmlib\\src\\check\\isString.ts","statementMap":{"0":{"start":{"line":3,"column":13},"end":{"line":5,"column":null}},"1":{"start":{"line":4,"column":4},"end":{"line":4,"column":null}}},"fnMap":{"0":{"name":"(anonymous_0)","decl":{"start":{"line":3,"column":13},"end":{"line":3,"column":25}},"loc":{"start":{"line":3,"column":59},"end":{"line":5,"column":null}},"line":3}},"branchMap":{},"s":{"0":1,"1":6},"f":{"0":6},"b":{},"meta":{"lastBranch":0,"lastFunction":1,"lastStatement":2,"seen":{"s:3:13:5:Infinity":0,"f:3:13:3:25":0,"s:4:4:4:Infinity":1},"fnNames":{}}}
,"C:\\Users\\ROG BY NEW GAME\\Desktop\\TS AVANZADO\\clase05-npmlib\\src\\misc\\typeOf.ts": {"path":"C:\\Users\\ROG BY NEW GAME\\Desktop\\TS AVANZADO\\clase05-npmlib\\src\\misc\\typeOf.ts","statementMap":{"0":{"start":{"line":4,"column":13},"end":{"line":7,"column":null}},"1":{"start":{"line":6,"column":4},"end":{"line":6,"column":null}}},"fnMap":{"0":{"name":"(anonymous_0)","decl":{"start":{"line":4,"column":13},"end":{"line":4,"column":23}},"loc":{"start":{"line":4,"column":50},"end":{"line":7,"column":null}},"line":4}},"branchMap":{"0":{"loc":{"start":{"line":6,"column":11},"end":{"line":6,"column":null}},"type":"cond-expr","locations":[{"start":{"line":6,"column":28},"end":{"line":6,"column":37}},{"start":{"line":6,"column":37},"end":{"line":6,"column":null}}],"line":6}},"s":{"0":2,"1":15},"f":{"0":15},"b":{"0":[2,13]},"meta":{"lastBranch":1,"lastFunction":1,"lastStatement":2,"seen":{"s:4:13:7:Infinity":0,"f:4:13:4:23":0,"s:6:4:6:Infinity":1,"b:6:28:6:37:6:37:6:Infinity":0},"fnNames":{}}}
,"C:\\Users\\ROG BY NEW GAME\\Desktop\\TS AVANZADO\\clase05-npmlib\\src\\types\\helpers.ts": {"path":"C:\\Users\\ROG BY NEW GAME\\Desktop\\TS AVANZADO\\clase05-npmlib\\src\\types\\helpers.ts","statementMap":{},"fnMap":{},"branchMap":{},"s":{},"f":{},"b":{},"meta":{"lastBranch":0,"lastFunction":0,"lastStatement":0,"seen":{},"fnNames":{}}}
}
